c:\users\a\source\repos\vehicle\debug\vc142.pdb
c:\users\a\source\repos\vehicle\debug\vehicle.obj
c:\users\a\source\repos\vehicle\debug\form2.obj
c:\users\a\source\repos\vehicle\debug\vehicle.pch
c:\users\a\source\repos\vehicle\debug\stdafx.obj
c:\users\a\source\repos\vehicle\debug\testing.obj
c:\users\a\source\repos\vehicle\debug\form5.obj
c:\users\a\source\repos\vehicle\debug\form4.obj
c:\users\a\source\repos\vehicle\debug\form3.obj
c:\users\a\source\repos\vehicle\debug\assemblyinfo.obj
c:\users\a\source\repos\vehicle\debug\.netframework,version=v4.0.assemblyattributes.obj
c:\users\a\source\repos\vehicle\debug\.netframework,version=v4.0.assemblyattributes.asm
c:\users\a\source\repos\vehicle\debug\vehicle.exe
c:\users\a\source\repos\vehicle\debug\vehicle.pdb
c:\users\a\source\repos\vehicle\debug\app.res
c:\users\a\source\repos\vehicle\debug\vehicle.form1.resources
c:\users\a\source\repos\vehicle\debug\vehicle.form2.resources
c:\users\a\source\repos\vehicle\debug\vehicle.form3.resources
c:\users\a\source\repos\vehicle\debug\vehicle.form4.resources
c:\users\a\source\repos\vehicle\debug\vehicle.form5.resources
c:\users\a\source\repos\vehicle\debug\vehicle.vcxproj.generateresource.cache
c:\users\a\source\repos\vehicle\debug\vehicle.vcxprojassemblyreference.cache
c:\users\a\source\repos\vehicle\debug\vehicle.exe.metagen
c:\users\a\source\repos\vehicle\debug\vehicle.tlog\cl.command.1.tlog
c:\users\a\source\repos\vehicle\debug\vehicle.tlog\cl.read.1.tlog
c:\users\a\source\repos\vehicle\debug\vehicle.tlog\cl.write.1.tlog
c:\users\a\source\repos\vehicle\debug\vehicle.tlog\link.11156.596.delete.1.tlog
c:\users\a\source\repos\vehicle\debug\vehicle.tlog\link.2832.3400.delete.1.tlog
c:\users\a\source\repos\vehicle\debug\vehicle.tlog\link.3092.1424.delete.1.tlog
c:\users\a\source\repos\vehicle\debug\vehicle.tlog\link.3184.964.delete.1.tlog
c:\users\a\source\repos\vehicle\debug\vehicle.tlog\link.32.9568.delete.1.tlog
c:\users\a\source\repos\vehicle\debug\vehicle.tlog\link.3344.6360.delete.1.tlog
c:\users\a\source\repos\vehicle\debug\vehicle.tlog\link.3436.7264.delete.1.tlog
c:\users\a\source\repos\vehicle\debug\vehicle.tlog\link.352.2956.delete.1.tlog
c:\users\a\source\repos\vehicle\debug\vehicle.tlog\link.380.7160.delete.1.tlog
c:\users\a\source\repos\vehicle\debug\vehicle.tlog\link.4100.8640.delete.1.tlog
c:\users\a\source\repos\vehicle\debug\vehicle.tlog\link.4820.10180.delete.1.tlog
c:\users\a\source\repos\vehicle\debug\vehicle.tlog\link.5040.10100.delete.1.tlog
c:\users\a\source\repos\vehicle\debug\vehicle.tlog\link.5752.9828.delete.1.tlog
c:\users\a\source\repos\vehicle\debug\vehicle.tlog\link.5820.5724.delete.1.tlog
c:\users\a\source\repos\vehicle\debug\vehicle.tlog\link.6072.7576.delete.1.tlog
c:\users\a\source\repos\vehicle\debug\vehicle.tlog\link.6236.6748.delete.1.tlog
c:\users\a\source\repos\vehicle\debug\vehicle.tlog\link.6428.9440.delete.1.tlog
c:\users\a\source\repos\vehicle\debug\vehicle.tlog\link.6736.4936.delete.1.tlog
c:\users\a\source\repos\vehicle\debug\vehicle.tlog\link.6932.4708.delete.1.tlog
c:\users\a\source\repos\vehicle\debug\vehicle.tlog\link.7372.9404.delete.1.tlog
c:\users\a\source\repos\vehicle\debug\vehicle.tlog\link.7540.8140.delete.1.tlog
c:\users\a\source\repos\vehicle\debug\vehicle.tlog\link.7696.9524.delete.1.tlog
c:\users\a\source\repos\vehicle\debug\vehicle.tlog\link.8132.9168.delete.1.tlog
c:\users\a\source\repos\vehicle\debug\vehicle.tlog\link.8272.6244.delete.1.tlog
c:\users\a\source\repos\vehicle\debug\vehicle.tlog\link.8404.1184.delete.1.tlog
c:\users\a\source\repos\vehicle\debug\vehicle.tlog\link.8632.7504.delete.1.tlog
c:\users\a\source\repos\vehicle\debug\vehicle.tlog\link.9348.2336.delete.1.tlog
c:\users\a\source\repos\vehicle\debug\vehicle.tlog\link.command.1.tlog
c:\users\a\source\repos\vehicle\debug\vehicle.tlog\link.read.1.tlog
c:\users\a\source\repos\vehicle\debug\vehicle.tlog\link.write.1.tlog
c:\users\a\source\repos\vehicle\debug\vehicle.tlog\metagen.read.1.tlog
c:\users\a\source\repos\vehicle\debug\vehicle.tlog\metagen.write.1.tlog
c:\users\a\source\repos\vehicle\debug\vehicle.tlog\rc.command.1.tlog
c:\users\a\source\repos\vehicle\debug\vehicle.tlog\rc.read.1.tlog
c:\users\a\source\repos\vehicle\debug\vehicle.tlog\rc.write.1.tlog
c:\users\a\source\repos\vehicle\debug\vehicle.tlog\vehicle.write.1u.tlog
